<?xml version="1.0" encoding="UTF-8"?>
<testng-results ignored="0" total="5" passed="5" failed="0" skipped="0">
  <reporter-output>
  </reporter-output>
  <suite started-at="2024-09-20T01:15:46 IST" name="Default suite" finished-at="2024-09-20T01:15:54 IST" duration-ms="7664">
    <groups>
      <group name="cucumber">
        <method signature="AbstractTestNGCucumberTests.runScenario(io.cucumber.testng.PickleWrapper,io.cucumber.testng.FeatureWrapper)[pri:0, instance:testRunner.TestNGTestRunner@4c60d6e9]" name="runScenario" class="io.cucumber.testng.AbstractTestNGCucumberTests"/>
      </group> <!-- cucumber -->
    </groups>
    <test started-at="2024-09-20T01:15:46 IST" name="Default test" finished-at="2024-09-20T01:15:54 IST" duration-ms="7664">
      <class name="testRunner.TestNGTestRunner">
        <test-method is-config="true" signature="setUpClass(org.testng.ITestContext)[pri:0, instance:testRunner.TestNGTestRunner@4c60d6e9]" started-at="2024-09-20T01:15:46 IST" name="setUpClass" finished-at="2024-09-20T01:15:47 IST" duration-ms="170" status="PASS">
          <params>
            <param index="0">
              <value>
                <![CDATA[org.testng.TestRunner@6a1d1467]]>
              </value>
            </param>
          </params>
          <reporter-output>
          </reporter-output>
        </test-method> <!-- setUpClass -->
        <test-method signature="runScenario(io.cucumber.testng.PickleWrapper,io.cucumber.testng.FeatureWrapper)[pri:0, instance:testRunner.TestNGTestRunner@4c60d6e9]" started-at="2024-09-20T01:15:47 IST" name="runScenario" description="Runs Cucumber Scenarios" data-provider="scenarios" finished-at="2024-09-20T01:15:50 IST" duration-ms="3145" status="PASS">
          <params>
            <param index="0">
              <value>
                <![CDATA["Verify if customer is successfully authorized using CustomerAuthorization API"]]>
              </value>
            </param>
            <param index="1">
              <value>
                <![CDATA["Validating Simple book API's"]]>
              </value>
            </param>
          </params>
          <reporter-output>
          </reporter-output>
        </test-method> <!-- runScenario -->
        <test-method signature="runScenario(io.cucumber.testng.PickleWrapper,io.cucumber.testng.FeatureWrapper)[pri:0, instance:testRunner.TestNGTestRunner@4c60d6e9]" started-at="2024-09-20T01:15:50 IST" name="runScenario" description="Runs Cucumber Scenarios" data-provider="scenarios" finished-at="2024-09-20T01:15:51 IST" duration-ms="972" status="PASS">
          <params>
            <param index="0">
              <value>
                <![CDATA["Verify the user is displayed with the list of books using getBooks API"]]>
              </value>
            </param>
            <param index="1">
              <value>
                <![CDATA["Validating Simple book API's"]]>
              </value>
            </param>
          </params>
          <reporter-output>
          </reporter-output>
        </test-method> <!-- runScenario -->
        <test-method signature="runScenario(io.cucumber.testng.PickleWrapper,io.cucumber.testng.FeatureWrapper)[pri:0, instance:testRunner.TestNGTestRunner@4c60d6e9]" started-at="2024-09-20T01:15:51 IST" name="runScenario" description="Runs Cucumber Scenarios" data-provider="scenarios" finished-at="2024-09-20T01:15:52 IST" duration-ms="1197" status="PASS">
          <params>
            <param index="0">
              <value>
                <![CDATA["Verify the user is able to submit the book order using submitOrder API"]]>
              </value>
            </param>
            <param index="1">
              <value>
                <![CDATA["Validating Simple book API's"]]>
              </value>
            </param>
          </params>
          <reporter-output>
          </reporter-output>
        </test-method> <!-- runScenario -->
        <test-method signature="runScenario(io.cucumber.testng.PickleWrapper,io.cucumber.testng.FeatureWrapper)[pri:0, instance:testRunner.TestNGTestRunner@4c60d6e9]" started-at="2024-09-20T01:15:52 IST" name="runScenario" description="Runs Cucumber Scenarios" data-provider="scenarios" finished-at="2024-09-20T01:15:53 IST" duration-ms="1010" status="PASS">
          <params>
            <param index="0">
              <value>
                <![CDATA["Verify the user is displayed with the order submitted using getOrder API"]]>
              </value>
            </param>
            <param index="1">
              <value>
                <![CDATA["Validating Simple book API's"]]>
              </value>
            </param>
          </params>
          <reporter-output>
          </reporter-output>
        </test-method> <!-- runScenario -->
        <test-method signature="runScenario(io.cucumber.testng.PickleWrapper,io.cucumber.testng.FeatureWrapper)[pri:0, instance:testRunner.TestNGTestRunner@4c60d6e9]" started-at="2024-09-20T01:15:53 IST" name="runScenario" description="Runs Cucumber Scenarios" data-provider="scenarios" finished-at="2024-09-20T01:15:54 IST" duration-ms="972" status="PASS">
          <params>
            <param index="0">
              <value>
                <![CDATA["Verify the user is able to delete the submitted order using deleteOrder API"]]>
              </value>
            </param>
            <param index="1">
              <value>
                <![CDATA["Validating Simple book API's"]]>
              </value>
            </param>
          </params>
          <reporter-output>
          </reporter-output>
        </test-method> <!-- runScenario -->
        <test-method is-config="true" signature="tearDownClass()[pri:0, instance:testRunner.TestNGTestRunner@4c60d6e9]" started-at="2024-09-20T01:15:54 IST" name="tearDownClass" finished-at="2024-09-20T01:15:54 IST" duration-ms="159" status="PASS">
          <reporter-output>
          </reporter-output>
        </test-method> <!-- tearDownClass -->
      </class> <!-- testRunner.TestNGTestRunner -->
    </test> <!-- Default test -->
  </suite> <!-- Default suite -->
</testng-results>
